Active-HDL 15.0.261.9132 2025-10-09 22:14:18

Elaboration top modules:
Architecture                  behavior(Multimedia_ALU_tb)


-----------------------------------------------------------------------------------------------------------
Entity            | Architecture | Library        | Info | Compiler Version          | Compilation Options
-----------------------------------------------------------------------------------------------------------
Multimedia_ALU_tb | behavior     | ese345_project |      | 15.0.261.9132 (Windows64) | -O3
Multimedia_ALU    | behavior     | ese345_project |      | 15.0.261.9132 (Windows64) | -O3
-----------------------------------------------------------------------------------------------------------

-----------------------------------------------------------------------------------------------------------
VHDL Package                     | Library        | Info | Compiler Version          | Compilation Options
-----------------------------------------------------------------------------------------------------------
standard                         | std            |      |                           | <unavailable>
TEXTIO                           | std            |      | 15.0.261.9132 (Windows64) |  -2019
std_logic_1164                   | ieee           |      | 15.0.261.9132 (Windows64) |  -2008
NUMERIC_STD                      | ieee           |      | 15.0.261.9132 (Windows64) |  -2008
parsing_format                   | ese345_project |      | 15.0.261.9132 (Windows64) | -O3
load_immediate                   | ese345_project |      | 15.0.261.9132 (Windows64) | -O3
saturate_fun                     | ese345_project |      | 15.0.261.9132 (Windows64) | -O3
-----------------------------------------------------------------------------------------------------------

-----------------------------------------------------------------------------------------------------------
Library                          | Comment
-----------------------------------------------------------------------------------------------------------
ese345_project                   | None
ieee                             | Standard IEEE packages library
std                              | Standard VHDL library
-----------------------------------------------------------------------------------------------------------
