# ELBREAD: Elaboration process.
# ELBREAD: Elaboration time 0.0 [s].
acom -O3 -e 100 -work ESE345_Project -2002  $dsn/src/Test_bench/Multimedia_ALU_tb.vhd
# Compile Entity "Multimedia_ALU_tb"
# Compile Architecture "behavior" of Entity "Multimedia_ALU_tb"
# Compile success 0 Errors 0 Warnings  Analysis time :  94.0 [ms]
acom -O3 -e 100 -work ESE345_Project -2002  $dsn/src/Multimedia_ALU.vhd $dsn/src/Package/parsing_format.vhd $dsn/src/Procedure/opcode_rest.vhd $dsn/src/Procedure/saturate_fun.vhd $dsn/src/Procedure/load_immediate.vhd $dsn/src/Test_bench/Multimedia_ALU_tb.vhd
# Compile Entity "Multimedia_ALU"
# Compile Architecture "behavior" of Entity "Multimedia_ALU"
# Compile Package "parsing_format"
# Compile Package "opcode_rest"
# Compile Package Body "opcode_rest"
# Compile Package "saturate_fun"
# Compile Package Body "saturate_fun"
# Compile Package "load_immediate"
# Compile Package Body "load_immediate"
# Compile Entity "Multimedia_ALU_tb"
# Compile Architecture "behavior" of Entity "Multimedia_ALU_tb"
# Compile success 0 Errors 0 Warnings  Analysis time :  0.2 [s]
acom -O3 -e 100 -work ESE345_Project -2002  $dsn/src/Procedure/opcode_rest.vhd
# Compile Package "opcode_rest"
# Compile Package Body "opcode_rest"
# Compile success 0 Errors 0 Warnings  Analysis time :  0.1 [s]
acom -O3 -e 100 -work ESE345_Project -2002  $dsn/src/Procedure/opcode_rest.vhd
# Compile Package "opcode_rest"
# Compile Package Body "opcode_rest"
# Compile success 0 Errors 0 Warnings  Analysis time :  46.0 [ms]
acom -O3 -e 100 -work ESE345_Project -2002  $dsn/src/Multimedia_ALU.vhd $dsn/src/Package/parsing_format.vhd $dsn/src/Procedure/opcode_rest.vhd $dsn/src/Procedure/saturate_fun.vhd $dsn/src/Procedure/load_immediate.vhd $dsn/src/Test_bench/Multimedia_ALU_tb.vhd
# Compile Entity "Multimedia_ALU"
# Compile Architecture "behavior" of Entity "Multimedia_ALU"
# Compile Package "parsing_format"
# Compile Package "opcode_rest"
# Compile Package Body "opcode_rest"
# Compile Package "saturate_fun"
# Compile Package Body "saturate_fun"
# Compile Package "load_immediate"
# Compile Package Body "load_immediate"
# Compile Entity "Multimedia_ALU_tb"
# Compile Architecture "behavior" of Entity "Multimedia_ALU_tb"
# Compile success 0 Errors 0 Warnings  Analysis time :  0.2 [s]
acom -O3 -e 100 -work ESE345_Project -2002  $dsn/src/Procedure/opcode_rest.vhd
# Compile Package "opcode_rest"
# Compile Package Body "opcode_rest"
# Error: COMP96_0015: Procedure/opcode_rest.vhd : (69, 85): ';' expected.
# Error: COMP96_0015: Procedure/opcode_rest.vhd : (139, 68): ')' expected.
# Error: COMP96_0019: Procedure/opcode_rest.vhd : (143, 4): Keyword 'end' expected.
# Compile failure 3 Errors 0 Warnings  Analysis time :  0.0 [ms]
acom -O3 -e 100 -work ESE345_Project -2002  $dsn/src/Procedure/opcode_rest.vhd
# Compile Package "opcode_rest"
# Compile Package Body "opcode_rest"
# Error: COMP96_0015: Procedure/opcode_rest.vhd : (69, 85): ';' expected.
# Error: COMP96_0015: Procedure/opcode_rest.vhd : (139, 68): ')' expected.
# Error: COMP96_0019: Procedure/opcode_rest.vhd : (143, 4): Keyword 'end' expected.
# Compile failure 3 Errors 0 Warnings  Analysis time :  0.0 [ms]
acom -O3 -e 100 -work ESE345_Project -2002  $dsn/src/Procedure/opcode_rest.vhd
# Compile Package "opcode_rest"
# Compile Package Body "opcode_rest"
# Error: COMP96_0015: Procedure/opcode_rest.vhd : (70, 2): ';' expected.
# Error: COMP96_0015: Procedure/opcode_rest.vhd : (139, 68): ')' expected.
# Error: COMP96_0019: Procedure/opcode_rest.vhd : (143, 4): Keyword 'end' expected.
# Compile failure 3 Errors 0 Warnings  Analysis time :  16.0 [ms]
acom -O3 -e 100 -work ESE345_Project -2002  $dsn/src/Procedure/opcode_rest.vhd
# Compile Package "opcode_rest"
# Compile Package Body "opcode_rest"
# Error: COMP96_0015: Procedure/opcode_rest.vhd : (139, 68): ')' expected.
# Error: COMP96_0019: Procedure/opcode_rest.vhd : (143, 4): Keyword 'end' expected.
# Compile failure 2 Errors 0 Warnings  Analysis time :  16.0 [ms]
acom -O3 -e 100 -work ESE345_Project -2002  $dsn/src/Procedure/opcode_rest.vhd
# Compile Package "o